[debug] [2025-10-14T14:00:02.641Z] ----------------------------------------------------------------------
[debug] [2025-10-14T14:00:02.644Z] Command:       C:\Program Files\nodejs\node.exe C:\Users\lekal\AppData\Roaming\npm\node_modules\firebase-tools\lib\bin\firebase.js init
[debug] [2025-10-14T14:00:02.644Z] CLI Version:   14.19.1
[debug] [2025-10-14T14:00:02.644Z] Platform:      win32
[debug] [2025-10-14T14:00:02.644Z] Node Version:  v23.9.0
[debug] [2025-10-14T14:00:02.645Z] Time:          Tue Oct 14 2025 16:00:02 GMT+0200 (South Africa Standard Time)
[debug] [2025-10-14T14:00:02.645Z] ----------------------------------------------------------------------
[debug] 
[info] 
     ######## #### ########  ######## ########     ###     ######  ########
     ##        ##  ##     ## ##       ##     ##  ##   ##  ##       ##
     ######    ##  ########  ######   ########  #########  ######  ######
     ##        ##  ##    ##  ##       ##     ## ##     ##       ## ##
     ##       #### ##     ## ######## ########  ##     ##  ######  ########

You're about to initialize a Firebase project in this directory:

  D:\IT\DSW02A\STACKOVERBROS

[debug] [2025-10-14T14:17:09.934Z] ExitPromptError: User force closed the prompt with SIGINT
    at Interface.sigint (C:\Users\lekal\AppData\Roaming\npm\node_modules\firebase-tools\node_modules\@inquirer\core\dist\commonjs\lib\create-prompt.js:101:37)
    at Interface.emit (node:events:507:28)
    at Interface.emit (node:domain:489:12)
    at [_ttyWrite] [as _ttyWrite] (node:internal/readline/interface:1129:18)
    at ReadStream.onkeypress (node:internal/readline/interface:268:20)
    at ReadStream.emit (node:events:519:35)
    at ReadStream.emit (node:domain:489:12)
    at emitKeys (node:internal/readline/utils:370:14)
    at emitKeys.next (<anonymous>)
    at ReadStream.onData (node:internal/readline/emitKeypressEvents:64:36)
[error] 
[error] Error: An unexpected error has occurred.
